# JRE version: Java(TM) SE Runtime Environment (8.0_144-b01) (build 1.8.0_144-b01)
# Java VM: Java HotSpot(TM) 64-Bit Server VM (25.144-b01 mixed mode windows-amd64 compressed oops)
Heap:
 PSYoungGen      total 140800K, used 135727K [0x000000076b780000, 0x0000000779200000, 0x00000007c0000000)
  eden space 130048K, 98% used [0x000000076b780000,0x0000000773459ac0,0x0000000773680000)
  from space 10752K, 73% used [0x0000000773680000,0x0000000773e322e0,0x0000000774100000)
  to   space 8704K, 0% used [0x0000000778980000,0x0000000778980000,0x0000000779200000)
 ParOldGen       total 96768K, used 5957K [0x00000006c2600000, 0x00000006c8480000, 0x000000076b780000)
  object space 96768K, 6% used [0x00000006c2600000,0x00000006c2bd1528,0x00000006c8480000)
 Metaspace       used 33380K, capacity 34872K, committed 35072K, reserved 1079296K
  class space    used 4311K, capacity 4592K, committed 4608K, reserved 1048576K
GC Heap History (10 events):
Event: 1.440 GC heap before
{Heap before GC invocations=2 (full 0):
 PSYoungGen      total 75776K, used 70725K [0x000000076b780000, 0x0000000770c00000, 0x00000007c0000000)
  eden space 65024K, 100% used [0x000000076b780000,0x000000076f700000,0x000000076f700000)
  from space 10752K, 53% used [0x000000076f700000,0x000000076fc91488,0x0000000770180000)
  to   space 10752K, 0% used [0x0000000770180000,0x0000000770180000,0x0000000770c00000)
 ParOldGen       total 173568K, used 16K [0x00000006c2600000, 0x00000006ccf80000, 0x000000076b780000)
  object space 173568K, 0% used [0x00000006c2600000,0x00000006c2604000,0x00000006ccf80000)
 Metaspace       used 15070K, capacity 15518K, committed 15744K, reserved 1062912K
  class space    used 1934K, capacity 2059K, committed 2176K, reserved 1048576K
Event: 1.447 GC heap after
Heap after GC invocations=2 (full 0):
 PSYoungGen      total 75776K, used 6115K [0x000000076b780000, 0x0000000774b80000, 0x00000007c0000000)
  eden space 65024K, 0% used [0x000000076b780000,0x000000076b780000,0x000000076f700000)
  from space 10752K, 56% used [0x0000000770180000,0x0000000770778c50,0x0000000770c00000)
  to   space 10752K, 0% used [0x000000076f700000,0x000000076f700000,0x0000000770180000)
 ParOldGen       total 173568K, used 24K [0x00000006c2600000, 0x00000006ccf80000, 0x000000076b780000)
  object space 173568K, 0% used [0x00000006c2600000,0x00000006c2606000,0x00000006ccf80000)
 Metaspace       used 15070K, capacity 15518K, committed 15744K, reserved 1062912K
  class space    used 1934K, capacity 2059K, committed 2176K, reserved 1048576K
}
Event: 1.722 GC heap before
{Heap before GC invocations=3 (full 0):
 PSYoungGen      total 75776K, used 71139K [0x000000076b780000, 0x0000000774b80000, 0x00000007c0000000)
  eden space 65024K, 100% used [0x000000076b780000,0x000000076f700000,0x000000076f700000)
  from space 10752K, 56% used [0x0000000770180000,0x0000000770778c50,0x0000000770c00000)
  to   space 10752K, 0% used [0x000000076f700000,0x000000076f700000,0x0000000770180000)
 ParOldGen       total 173568K, used 24K [0x00000006c2600000, 0x00000006ccf80000, 0x000000076b780000)
  object space 173568K, 0% used [0x00000006c2600000,0x00000006c2606000,0x00000006ccf80000)
 Metaspace       used 18848K, capacity 19372K, committed 19712K, reserved 1067008K
  class space    used 2386K, capacity 2510K, committed 2560K, reserved 1048576K
Event: 1.728 GC heap after
Heap after GC invocations=3 (full 0):
 PSYoungGen      total 75776K, used 7797K [0x000000076b780000, 0x0000000774b80000, 0x00000007c0000000)
  eden space 65024K, 0% used [0x000000076b780000,0x000000076b780000,0x000000076f700000)
  from space 10752K, 72% used [0x000000076f700000,0x000000076fe9d5e0,0x0000000770180000)
  to   space 10752K, 0% used [0x0000000774100000,0x0000000774100000,0x0000000774b80000)
 ParOldGen       total 173568K, used 32K [0x00000006c2600000, 0x00000006ccf80000, 0x000000076b780000)
  object space 173568K, 0% used [0x00000006c2600000,0x00000006c2608000,0x00000006ccf80000)
 Metaspace       used 18848K, capacity 19372K, committed 19712K, reserved 1067008K
  class space    used 2386K, capacity 2510K, committed 2560K, reserved 1048576K
}
Event: 1.856 GC heap before
{Heap before GC invocations=4 (full 0):
 PSYoungGen      total 75776K, used 37416K [0x000000076b780000, 0x0000000774b80000, 0x00000007c0000000)
  eden space 65024K, 45% used [0x000000076b780000,0x000000076d46cd60,0x000000076f700000)
  from space 10752K, 72% used [0x000000076f700000,0x000000076fe9d5e0,0x0000000770180000)
  to   space 10752K, 0% used [0x0000000774100000,0x0000000774100000,0x0000000774b80000)
 ParOldGen       total 173568K, used 32K [0x00000006c2600000, 0x00000006ccf80000, 0x000000076b780000)
  object space 173568K, 0% used [0x00000006c2600000,0x00000006c2608000,0x00000006ccf80000)
 Metaspace       used 20625K, capacity 21112K, committed 21248K, reserved 1067008K
  class space    used 2605K, capacity 2746K, committed 2816K, reserved 1048576K
Event: 1.863 GC heap after
Heap after GC invocations=4 (full 0):
 PSYoungGen      total 140800K, used 6108K [0x000000076b780000, 0x0000000774b80000, 0x00000007c0000000)
  eden space 130048K, 0% used [0x000000076b780000,0x000000076b780000,0x0000000773680000)
  from space 10752K, 56% used [0x0000000774100000,0x00000007746f7218,0x0000000774b80000)
  to   space 10752K, 0% used [0x0000000773680000,0x0000000773680000,0x0000000774100000)
 ParOldGen       total 173568K, used 40K [0x00000006c2600000, 0x00000006ccf80000, 0x000000076b780000)
  object space 173568K, 0% used [0x00000006c2600000,0x00000006c260a000,0x00000006ccf80000)
 Metaspace       used 20625K, capacity 21112K, committed 21248K, reserved 1067008K
  class space    used 2605K, capacity 2746K, committed 2816K, reserved 1048576K
}
Event: 1.863 GC heap before
{Heap before GC invocations=5 (full 1):
 PSYoungGen      total 140800K, used 6108K [0x000000076b780000, 0x0000000774b80000, 0x00000007c0000000)
  eden space 130048K, 0% used [0x000000076b780000,0x000000076b780000,0x0000000773680000)
  from space 10752K, 56% used [0x0000000774100000,0x00000007746f7218,0x0000000774b80000)
  to   space 10752K, 0% used [0x0000000773680000,0x0000000773680000,0x0000000774100000)
 ParOldGen       total 173568K, used 40K [0x00000006c2600000, 0x00000006ccf80000, 0x000000076b780000)
  object space 173568K, 0% used [0x00000006c2600000,0x00000006c260a000,0x00000006ccf80000)
 Metaspace       used 20625K, capacity 21112K, committed 21248K, reserved 1067008K
  class space    used 2605K, capacity 2746K, committed 2816K, reserved 1048576K
Event: 1.893 GC heap after
Heap after GC invocations=5 (full 1):
 PSYoungGen      total 140800K, used 0K [0x000000076b780000, 0x0000000774b80000, 0x00000007c0000000)
  eden space 130048K, 0% used [0x000000076b780000,0x000000076b780000,0x0000000773680000)
  from space 10752K, 0% used [0x0000000774100000,0x0000000774100000,0x0000000774b80000)
  to   space 10752K, 0% used [0x0000000773680000,0x0000000773680000,0x0000000774100000)
 ParOldGen       total 96768K, used 5885K [0x00000006c2600000, 0x00000006c8480000, 0x000000076b780000)
  object space 96768K, 6% used [0x00000006c2600000,0x00000006c2bbf518,0x00000006c8480000)
 Metaspace       used 20623K, capacity 21106K, committed 21248K, reserved 1067008K
  class space    used 2605K, capacity 2745K, committed 2816K, reserved 1048576K
}
Event: 2.645 GC heap before
{Heap before GC invocations=6 (full 1):
 PSYoungGen      total 140800K, used 130048K [0x000000076b780000, 0x0000000774b80000, 0x00000007c0000000)
  eden space 130048K, 100% used [0x000000076b780000,0x0000000773680000,0x0000000773680000)
  from space 10752K, 0% used [0x0000000774100000,0x0000000774100000,0x0000000774b80000)
  to   space 10752K, 0% used [0x0000000773680000,0x0000000773680000,0x0000000774100000)
 ParOldGen       total 96768K, used 5885K [0x00000006c2600000, 0x00000006c8480000, 0x000000076b780000)
  object space 96768K, 6% used [0x00000006c2600000,0x00000006c2bbf518,0x00000006c8480000)
 Metaspace       used 26641K, capacity 27578K, committed 27776K, reserved 1073152K
  class space    used 3416K, capacity 3641K, committed 3712K, reserved 1048576K
Event: 2.656 GC heap after
Heap after GC invocations=6 (full 1):
 PSYoungGen      total 140800K, used 7880K [0x000000076b780000, 0x0000000779200000, 0x00000007c0000000)
  eden space 130048K, 0% used [0x000000076b780000,0x000000076b780000,0x0000000773680000)
  from space 10752K, 73% used [0x0000000773680000,0x0000000773e322e0,0x0000000774100000)
  to   space 8704K, 0% used [0x0000000778980000,0x0000000778980000,0x0000000779200000)
 ParOldGen       total 96768K, used 5957K [0x00000006c2600000, 0x00000006c8480000, 0x000000076b780000)
  object space 96768K, 6% used [0x00000006c2600000,0x00000006c2bd1528,0x00000006c8480000)
 Metaspace       used 26641K, capacity 27578K, committed 27776K, reserved 1073152K
  class space    used 3416K, capacity 3641K, committed 3712K, reserved 1048576K
}

