# JRE version: Java(TM) SE Runtime Environment (8.0_144-b01) (build 1.8.0_144-b01)
# Java VM: Java HotSpot(TM) 64-Bit Server VM (25.144-b01 mixed mode windows-amd64 compressed oops)
Heap:
 PSYoungGen      total 140800K, used 122844K [0x000000076b780000, 0x0000000779680000, 0x00000007c0000000)
  eden space 130048K, 88% used [0x000000076b780000,0x00000007727ec170,0x0000000773680000)
  from space 10752K, 71% used [0x0000000773680000,0x0000000773e0aec8,0x0000000774100000)
  to   space 8704K, 0% used [0x0000000778e00000,0x0000000778e00000,0x0000000779680000)
 ParOldGen       total 93184K, used 5962K [0x00000006c2600000, 0x00000006c8100000, 0x000000076b780000)
  object space 93184K, 6% used [0x00000006c2600000,0x00000006c2bd2898,0x00000006c8100000)
 Metaspace       used 32207K, capacity 33734K, committed 33920K, reserved 1079296K
  class space    used 4152K, capacity 4429K, committed 4480K, reserved 1048576K
GC Heap History (10 events):
Event: 1.556 GC heap before
{Heap before GC invocations=2 (full 0):
 PSYoungGen      total 75776K, used 70592K [0x000000076b780000, 0x0000000770c00000, 0x00000007c0000000)
  eden space 65024K, 100% used [0x000000076b780000,0x000000076f700000,0x000000076f700000)
  from space 10752K, 51% used [0x000000076f700000,0x000000076fc70310,0x0000000770180000)
  to   space 10752K, 0% used [0x0000000770180000,0x0000000770180000,0x0000000770c00000)
 ParOldGen       total 173568K, used 16K [0x00000006c2600000, 0x00000006ccf80000, 0x000000076b780000)
  object space 173568K, 0% used [0x00000006c2600000,0x00000006c2604000,0x00000006ccf80000)
 Metaspace       used 15074K, capacity 15550K, committed 15744K, reserved 1062912K
  class space    used 1941K, capacity 2091K, committed 2176K, reserved 1048576K
Event: 1.566 GC heap after
Heap after GC invocations=2 (full 0):
 PSYoungGen      total 75776K, used 6195K [0x000000076b780000, 0x0000000774b80000, 0x00000007c0000000)
  eden space 65024K, 0% used [0x000000076b780000,0x000000076b780000,0x000000076f700000)
  from space 10752K, 57% used [0x0000000770180000,0x000000077078cc48,0x0000000770c00000)
  to   space 10752K, 0% used [0x000000076f700000,0x000000076f700000,0x0000000770180000)
 ParOldGen       total 173568K, used 24K [0x00000006c2600000, 0x00000006ccf80000, 0x000000076b780000)
  object space 173568K, 0% used [0x00000006c2600000,0x00000006c2606000,0x00000006ccf80000)
 Metaspace       used 15074K, capacity 15550K, committed 15744K, reserved 1062912K
  class space    used 1941K, capacity 2091K, committed 2176K, reserved 1048576K
}
Event: 1.841 GC heap before
{Heap before GC invocations=3 (full 0):
 PSYoungGen      total 75776K, used 71219K [0x000000076b780000, 0x0000000774b80000, 0x00000007c0000000)
  eden space 65024K, 100% used [0x000000076b780000,0x000000076f700000,0x000000076f700000)
  from space 10752K, 57% used [0x0000000770180000,0x000000077078cc48,0x0000000770c00000)
  to   space 10752K, 0% used [0x000000076f700000,0x000000076f700000,0x0000000770180000)
 ParOldGen       total 173568K, used 24K [0x00000006c2600000, 0x00000006ccf80000, 0x000000076b780000)
  object space 173568K, 0% used [0x00000006c2600000,0x00000006c2606000,0x00000006ccf80000)
 Metaspace       used 18870K, capacity 19420K, committed 19712K, reserved 1067008K
  class space    used 2399K, capacity 2546K, committed 2560K, reserved 1048576K
Event: 1.850 GC heap after
Heap after GC invocations=3 (full 0):
 PSYoungGen      total 75776K, used 7819K [0x000000076b780000, 0x0000000774b80000, 0x00000007c0000000)
  eden space 65024K, 0% used [0x000000076b780000,0x000000076b780000,0x000000076f700000)
  from space 10752K, 72% used [0x000000076f700000,0x000000076fea2f38,0x0000000770180000)
  to   space 10752K, 0% used [0x0000000774100000,0x0000000774100000,0x0000000774b80000)
 ParOldGen       total 173568K, used 32K [0x00000006c2600000, 0x00000006ccf80000, 0x000000076b780000)
  object space 173568K, 0% used [0x00000006c2600000,0x00000006c2608000,0x00000006ccf80000)
 Metaspace       used 18870K, capacity 19420K, committed 19712K, reserved 1067008K
  class space    used 2399K, capacity 2546K, committed 2560K, reserved 1048576K
}
Event: 1.971 GC heap before
{Heap before GC invocations=4 (full 0):
 PSYoungGen      total 75776K, used 36774K [0x000000076b780000, 0x0000000774b80000, 0x00000007c0000000)
  eden space 65024K, 44% used [0x000000076b780000,0x000000076d3c6c28,0x000000076f700000)
  from space 10752K, 72% used [0x000000076f700000,0x000000076fea2f38,0x0000000770180000)
  to   space 10752K, 0% used [0x0000000774100000,0x0000000774100000,0x0000000774b80000)
 ParOldGen       total 173568K, used 32K [0x00000006c2600000, 0x00000006ccf80000, 0x000000076b780000)
  object space 173568K, 0% used [0x00000006c2600000,0x00000006c2608000,0x00000006ccf80000)
 Metaspace       used 20639K, capacity 21156K, committed 21248K, reserved 1067008K
  class space    used 2614K, capacity 2782K, committed 2816K, reserved 1048576K
Event: 1.976 GC heap after
Heap after GC invocations=4 (full 0):
 PSYoungGen      total 140800K, used 6093K [0x000000076b780000, 0x0000000774b80000, 0x00000007c0000000)
  eden space 130048K, 0% used [0x000000076b780000,0x000000076b780000,0x0000000773680000)
  from space 10752K, 56% used [0x0000000774100000,0x00000007746f3760,0x0000000774b80000)
  to   space 10752K, 0% used [0x0000000773680000,0x0000000773680000,0x0000000774100000)
 ParOldGen       total 173568K, used 40K [0x00000006c2600000, 0x00000006ccf80000, 0x000000076b780000)
  object space 173568K, 0% used [0x00000006c2600000,0x00000006c260a000,0x00000006ccf80000)
 Metaspace       used 20639K, capacity 21156K, committed 21248K, reserved 1067008K
  class space    used 2614K, capacity 2782K, committed 2816K, reserved 1048576K
}
Event: 1.976 GC heap before
{Heap before GC invocations=5 (full 1):
 PSYoungGen      total 140800K, used 6093K [0x000000076b780000, 0x0000000774b80000, 0x00000007c0000000)
  eden space 130048K, 0% used [0x000000076b780000,0x000000076b780000,0x0000000773680000)
  from space 10752K, 56% used [0x0000000774100000,0x00000007746f3760,0x0000000774b80000)
  to   space 10752K, 0% used [0x0000000773680000,0x0000000773680000,0x0000000774100000)
 ParOldGen       total 173568K, used 40K [0x00000006c2600000, 0x00000006ccf80000, 0x000000076b780000)
  object space 173568K, 0% used [0x00000006c2600000,0x00000006c260a000,0x00000006ccf80000)
 Metaspace       used 20639K, capacity 21156K, committed 21248K, reserved 1067008K
  class space    used 2614K, capacity 2782K, committed 2816K, reserved 1048576K
Event: 2.001 GC heap after
Heap after GC invocations=5 (full 1):
 PSYoungGen      total 140800K, used 0K [0x000000076b780000, 0x0000000774b80000, 0x00000007c0000000)
  eden space 130048K, 0% used [0x000000076b780000,0x000000076b780000,0x0000000773680000)
  from space 10752K, 0% used [0x0000000774100000,0x0000000774100000,0x0000000774b80000)
  to   space 10752K, 0% used [0x0000000773680000,0x0000000773680000,0x0000000774100000)
 ParOldGen       total 93184K, used 5890K [0x00000006c2600000, 0x00000006c8100000, 0x000000076b780000)
  object space 93184K, 6% used [0x00000006c2600000,0x00000006c2bc0888,0x00000006c8100000)
 Metaspace       used 20637K, capacity 21150K, committed 21248K, reserved 1067008K
  class space    used 2613K, capacity 2781K, committed 2816K, reserved 1048576K
}
Event: 2.826 GC heap before
{Heap before GC invocations=6 (full 1):
 PSYoungGen      total 140800K, used 130048K [0x000000076b780000, 0x0000000774b80000, 0x00000007c0000000)
  eden space 130048K, 100% used [0x000000076b780000,0x0000000773680000,0x0000000773680000)
  from space 10752K, 0% used [0x0000000774100000,0x0000000774100000,0x0000000774b80000)
  to   space 10752K, 0% used [0x0000000773680000,0x0000000773680000,0x0000000774100000)
 ParOldGen       total 93184K, used 5890K [0x00000006c2600000, 0x00000006c8100000, 0x000000076b780000)
  object space 93184K, 6% used [0x00000006c2600000,0x00000006c2bc0888,0x00000006c8100000)
 Metaspace       used 26606K, capacity 27578K, committed 27776K, reserved 1073152K
  class space    used 3410K, capacity 3641K, committed 3712K, reserved 1048576K
Event: 2.833 GC heap after
Heap after GC invocations=6 (full 1):
 PSYoungGen      total 140800K, used 7723K [0x000000076b780000, 0x0000000779680000, 0x00000007c0000000)
  eden space 130048K, 0% used [0x000000076b780000,0x000000076b780000,0x0000000773680000)
  from space 10752K, 71% used [0x0000000773680000,0x0000000773e0aec8,0x0000000774100000)
  to   space 8704K, 0% used [0x0000000778e00000,0x0000000778e00000,0x0000000779680000)
 ParOldGen       total 93184K, used 5962K [0x00000006c2600000, 0x00000006c8100000, 0x000000076b780000)
  object space 93184K, 6% used [0x00000006c2600000,0x00000006c2bd2898,0x00000006c8100000)
 Metaspace       used 26606K, capacity 27578K, committed 27776K, reserved 1073152K
  class space    used 3410K, capacity 3641K, committed 3712K, reserved 1048576K
}

